Using pre-set license
Built from '2020.3/staging' branch; Version is '2020.3.38f1 (8f5fde82e2dc) revision 9396190'; Using compiler version '192528614'; Build Type 'Release'
OS: 'Windows 11  (10.0.22621) 64bit Professional' Language: 'pl' Physical Memory: 28565 MB
BatchMode: 1, IsHumanControllingUs: 0, StartBugReporterOnCrash: 0, Is64bit: 1, IsPro: 0

COMMAND LINE ARGUMENTS:
D:\Programy\UnityEditor\2020.3.38f1\Editor\Unity.exe
-adb2
-batchMode
-noUpm
-name
AssetImportWorker0
-projectPath
D:/GIT/AirCombat
-logFile
Logs/AssetImportWorker0.log
-srvPort
53959
Successfully changed project path to: D:/GIT/AirCombat
D:/GIT/AirCombat
Using Asset Import Pipeline V2.
Refreshing native plugins compatible for Editor in 50.41 ms, found 3 plugins.
Preloading 0 native plugins for Editor in 0.00 ms.
Initialize engine version: 2020.3.38f1 (8f5fde82e2dc)
[Subsystems] Discovering subsystems at path D:/Programy/UnityEditor/2020.3.38f1/Editor/Data/Resources/UnitySubsystems
[Subsystems] Discovering subsystems at path D:/GIT/AirCombat/Assets
GfxDevice: creating device client; threaded=0
Direct3D:
    Version:  Direct3D 11.0 [level 11.1]
    Renderer: NVIDIA GeForce RTX 3080 (ID=0x2216)
    Vendor:   
    VRAM:     10067 MB
    Driver:   31.0.15.3667
Initialize mono
Mono path[0] = 'D:/Programy/UnityEditor/2020.3.38f1/Editor/Data/Managed'
Mono path[1] = 'D:/Programy/UnityEditor/2020.3.38f1/Editor/Data/MonoBleedingEdge/lib/mono/unityjit'
Mono config path = 'D:/Programy/UnityEditor/2020.3.38f1/Editor/Data/MonoBleedingEdge/etc'
Using monoOptions --debugger-agent=transport=dt_socket,embedding=1,server=y,suspend=n,address=127.0.0.1:56864
Begin MonoManager ReloadAssembly
Registering precompiled unity dll's ...
Register platform support module: D:/Programy/UnityEditor/2020.3.38f1/Editor/Data/PlaybackEngines/WindowsStandaloneSupport/UnityEditor.WindowsStandalone.Extensions.dll
Registered in 0.000695 seconds.
Native extension for WindowsStandalone target not found
Refreshing native plugins compatible for Editor in 50.70 ms, found 3 plugins.
Preloading 0 native plugins for Editor in 0.00 ms.
Mono: successfully reloaded assembly
- Completed reload, in  0.430 seconds
Domain Reload Profiling:
	ReloadAssembly (430ms)
		BeginReloadAssembly (41ms)
			ExecutionOrderSort (0ms)
			DisableScriptedObjects (0ms)
			BackupInstance (0ms)
			ReleaseScriptingObjects (0ms)
			CreateAndSetChildDomain (1ms)
		EndReloadAssembly (342ms)
			LoadAssemblies (41ms)
			RebuildTransferFunctionScriptingTraits (0ms)
			SetupTypeCache (98ms)
			ReleaseScriptCaches (0ms)
			RebuildScriptCaches (20ms)
			SetupLoadedEditorAssemblies (153ms)
				LogAssemblyErrors (0ms)
				InitializePlatformSupportModulesInManaged (3ms)
				SetLoadedEditorAssemblies (0ms)
				RefreshPlugins (51ms)
				BeforeProcessingInitializeOnLoad (12ms)
				ProcessInitializeOnLoadAttributes (66ms)
				ProcessInitializeOnLoadMethodAttributes (20ms)
				AfterProcessingInitializeOnLoad (0ms)
				EditorAssembliesLoaded (0ms)
			ExecutionOrderSort2 (0ms)
			AwakeInstancesAfterBackupRestoration (0ms)
Platform modules already initialized, skipping
Registering precompiled user dll's ...
Registered in 0.001961 seconds.
Begin MonoManager ReloadAssembly
Native extension for WindowsStandalone target not found
Refreshing native plugins compatible for Editor in 49.85 ms, found 3 plugins.
Preloading 0 native plugins for Editor in 0.00 ms.
Mono: successfully reloaded assembly
- Completed reload, in  0.811 seconds
Domain Reload Profiling:
	ReloadAssembly (811ms)
		BeginReloadAssembly (107ms)
			ExecutionOrderSort (0ms)
			DisableScriptedObjects (4ms)
			BackupInstance (0ms)
			ReleaseScriptingObjects (0ms)
			CreateAndSetChildDomain (17ms)
		EndReloadAssembly (663ms)
			LoadAssemblies (73ms)
			RebuildTransferFunctionScriptingTraits (0ms)
			SetupTypeCache (208ms)
			ReleaseScriptCaches (0ms)
			RebuildScriptCaches (35ms)
			SetupLoadedEditorAssemblies (274ms)
				LogAssemblyErrors (0ms)
				InitializePlatformSupportModulesInManaged (2ms)
				SetLoadedEditorAssemblies (0ms)
				RefreshPlugins (50ms)
				BeforeProcessingInitializeOnLoad (58ms)
				ProcessInitializeOnLoadAttributes (146ms)
				ProcessInitializeOnLoadMethodAttributes (16ms)
				AfterProcessingInitializeOnLoad (2ms)
				EditorAssembliesLoaded (0ms)
			ExecutionOrderSort2 (0ms)
			AwakeInstancesAfterBackupRestoration (2ms)
Platform modules already initialized, skipping
========================================================================
Worker process is ready to serve import requests
Launched and connected shader compiler UnityShaderCompiler.exe after 0.04 seconds
Refreshing native plugins compatible for Editor in 0.58 ms, found 3 plugins.
Preloading 0 native plugins for Editor in 0.00 ms.
Unloading 2250 Unused Serialized files (Serialized files now loaded: 0)
System memory in use before: 106.7 MB.
System memory in use after: 105.9 MB.

Unloading 33 unused Assets to reduce memory usage. Loaded Objects now: 2682.
Total: 2.677700 ms (FindLiveObjects: 0.154000 ms CreateObjectMapping: 0.050200 ms MarkObjects: 2.175600 ms  DeleteObjects: 0.297100 ms)

AssetImportParameters requested are different than current active one (requested -> active):
  custom:framework-win-MediaFoundation: 216162199b28c13a410421893ffa2e32 -> 
  custom:video-decoder-ogg-theora: a1e56fd34408186e4bbccfd4996cb3dc -> 
  custom:container-muxer-webm: aa71ff27fc2769a1b78a27578f13a17b -> 
  custom:container-demuxer-webm: 4f35f7cbe854078d1ac9338744f61a02 -> 
  custom:container-demuxer-ogg: 62fdf1f143b41e24485cea50d1cbac27 -> 
  custom:video-encoder-webm-vp8: eb34c28f22e8b96e1ab97ce403110664 -> 
  custom:video-codec-MediaFoundation-h265: 746d11721c4dcdbdad8f713fa42b33f4 -> 
  custom:video-decoder-webm-vp8: 9c59270c3fd7afecdb556c50c9e8de78 -> 
  custom:audio-decoder-ogg-vorbis: bf7c407c2cedff20999df2af8eb42d56 -> 
  custom:audio-encoder-webm-vorbis: bf7c407c2cedff20999df2af8eb42d56 -> 
========================================================================
Received Import Request.
  path: Assets/Prefabs/Players/Player_1.prefab
  artifactKey: Guid(eee3bbdc3b96dc24894a38098635a002) Importer(815301076,1909f56bfc062723c751e8b465ee728b)
Start importing Assets/Prefabs/Players/Player_1.prefab using Guid(eee3bbdc3b96dc24894a38098635a002) Importer(815301076,1909f56bfc062723c751e8b465ee728b)  -> (artifact id: 'd968a2cf71a4cb78835c8078ca561fc9') in 0.108966 seconds 
========================================================================
Received Import Request.
  Time since last request: 1.974198 seconds.
  path: Assets/Prefabs/Players/Player_1.prefab
  artifactKey: Guid(eee3bbdc3b96dc24894a38098635a002) Importer(815301076,1909f56bfc062723c751e8b465ee728b)
Start importing Assets/Prefabs/Players/Player_1.prefab using Guid(eee3bbdc3b96dc24894a38098635a002) Importer(815301076,1909f56bfc062723c751e8b465ee728b)  -> (artifact id: 'b08219d3ffd23264da8a21898eb222c3') in 0.012269 seconds 
========================================================================
Received Import Request.
  Time since last request: 34.694810 seconds.
  path: Assets/Prefabs/Players/Player_1.prefab
  artifactKey: Guid(eee3bbdc3b96dc24894a38098635a002) Importer(815301076,1909f56bfc062723c751e8b465ee728b)
Start importing Assets/Prefabs/Players/Player_1.prefab using Guid(eee3bbdc3b96dc24894a38098635a002) Importer(815301076,1909f56bfc062723c751e8b465ee728b)  -> (artifact id: 'deaf33ecffb4722145dcc8f5930857a2') in 0.011929 seconds 
========================================================================
Received Import Request.
  Time since last request: 6.610853 seconds.
  path: Assets/Prefabs/Players/Player_1.prefab
  artifactKey: Guid(eee3bbdc3b96dc24894a38098635a002) Importer(815301076,1909f56bfc062723c751e8b465ee728b)
Start importing Assets/Prefabs/Players/Player_1.prefab using Guid(eee3bbdc3b96dc24894a38098635a002) Importer(815301076,1909f56bfc062723c751e8b465ee728b)  -> (artifact id: 'dd3658ae439587d27abd140b5d54384f') in 0.012049 seconds 
========================================================================
Received Import Request.
  Time since last request: 10.694526 seconds.
  path: Assets/Prefabs/Players/Player_1.prefab
  artifactKey: Guid(eee3bbdc3b96dc24894a38098635a002) Importer(815301076,1909f56bfc062723c751e8b465ee728b)
Start importing Assets/Prefabs/Players/Player_1.prefab using Guid(eee3bbdc3b96dc24894a38098635a002) Importer(815301076,1909f56bfc062723c751e8b465ee728b)  -> (artifact id: 'a7cc27fef3e605a3f40450055b1c16a0') in 0.022074 seconds 
========================================================================
Received Import Request.
  Time since last request: 15.886838 seconds.
  path: Assets/Prefabs/Players/Player_1.prefab
  artifactKey: Guid(eee3bbdc3b96dc24894a38098635a002) Importer(815301076,1909f56bfc062723c751e8b465ee728b)
Start importing Assets/Prefabs/Players/Player_1.prefab using Guid(eee3bbdc3b96dc24894a38098635a002) Importer(815301076,1909f56bfc062723c751e8b465ee728b)  -> (artifact id: '513ea8b5b3c507191540f0cb96492144') in 0.022932 seconds 
========================================================================
Received Import Request.
  Time since last request: 10.858819 seconds.
  path: Assets/Prefabs/Players/Player_1.prefab
  artifactKey: Guid(eee3bbdc3b96dc24894a38098635a002) Importer(815301076,1909f56bfc062723c751e8b465ee728b)
Start importing Assets/Prefabs/Players/Player_1.prefab using Guid(eee3bbdc3b96dc24894a38098635a002) Importer(815301076,1909f56bfc062723c751e8b465ee728b)  -> (artifact id: '269be5ac304b179b45420664130d967b') in 0.012594 seconds 
========================================================================
Received Prepare
Registering precompiled user dll's ...
Registered in 0.001835 seconds.
Begin MonoManager ReloadAssembly
Native extension for WindowsStandalone target not found
Refreshing native plugins compatible for Editor in 0.61 ms, found 3 plugins.
Preloading 0 native plugins for Editor in 0.00 ms.
Mono: successfully reloaded assembly
- Completed reload, in  0.694 seconds
Domain Reload Profiling:
	ReloadAssembly (695ms)
		BeginReloadAssembly (88ms)
			ExecutionOrderSort (0ms)
			DisableScriptedObjects (4ms)
			BackupInstance (0ms)
			ReleaseScriptingObjects (0ms)
			CreateAndSetChildDomain (29ms)
		EndReloadAssembly (568ms)
			LoadAssemblies (70ms)
			RebuildTransferFunctionScriptingTraits (0ms)
			SetupTypeCache (194ms)
			ReleaseScriptCaches (1ms)
			RebuildScriptCaches (29ms)
			SetupLoadedEditorAssemblies (217ms)
				LogAssemblyErrors (0ms)
				InitializePlatformSupportModulesInManaged (3ms)
				SetLoadedEditorAssemblies (0ms)
				RefreshPlugins (1ms)
				BeforeProcessingInitializeOnLoad (56ms)
				ProcessInitializeOnLoadAttributes (142ms)
				ProcessInitializeOnLoadMethodAttributes (13ms)
				AfterProcessingInitializeOnLoad (1ms)
				EditorAssembliesLoaded (0ms)
			ExecutionOrderSort2 (0ms)
			AwakeInstancesAfterBackupRestoration (3ms)
Platform modules already initialized, skipping
Refreshing native plugins compatible for Editor in 0.60 ms, found 3 plugins.
Preloading 0 native plugins for Editor in 0.00 ms.
Unloading 2239 Unused Serialized files (Serialized files now loaded: 0)
System memory in use before: 109.2 MB.
System memory in use after: 108.5 MB.

Unloading 22 unused Assets to reduce memory usage. Loaded Objects now: 2694.
Total: 2.865500 ms (FindLiveObjects: 0.166100 ms CreateObjectMapping: 0.051100 ms MarkObjects: 2.356200 ms  DeleteObjects: 0.291200 ms)

AssetImportParameters requested are different than current active one (requested -> active):
  custom:framework-win-MediaFoundation: 216162199b28c13a410421893ffa2e32 -> 
  custom:video-decoder-ogg-theora: a1e56fd34408186e4bbccfd4996cb3dc -> 
  custom:container-muxer-webm: aa71ff27fc2769a1b78a27578f13a17b -> 
  custom:container-demuxer-webm: 4f35f7cbe854078d1ac9338744f61a02 -> 
  custom:container-demuxer-ogg: 62fdf1f143b41e24485cea50d1cbac27 -> 
  custom:video-encoder-webm-vp8: eb34c28f22e8b96e1ab97ce403110664 -> 
  custom:video-codec-MediaFoundation-h265: 746d11721c4dcdbdad8f713fa42b33f4 -> 
  custom:video-decoder-webm-vp8: 9c59270c3fd7afecdb556c50c9e8de78 -> 
  custom:audio-decoder-ogg-vorbis: bf7c407c2cedff20999df2af8eb42d56 -> 
  custom:audio-encoder-webm-vorbis: bf7c407c2cedff20999df2af8eb42d56 -> 
========================================================================
Received Import Request.
  Time since last request: 47.542450 seconds.
  path: Assets/Prefabs/Players/Player_1.prefab
  artifactKey: Guid(eee3bbdc3b96dc24894a38098635a002) Importer(815301076,1909f56bfc062723c751e8b465ee728b)
Start importing Assets/Prefabs/Players/Player_1.prefab using Guid(eee3bbdc3b96dc24894a38098635a002) Importer(815301076,1909f56bfc062723c751e8b465ee728b)  -> (artifact id: '019d0bc77981baf10e9a76579464d966') in 0.050532 seconds 
========================================================================
Received Prepare
Registering precompiled user dll's ...
Registered in 0.001764 seconds.
Begin MonoManager ReloadAssembly
Native extension for WindowsStandalone target not found
Refreshing native plugins compatible for Editor in 0.60 ms, found 3 plugins.
Preloading 0 native plugins for Editor in 0.00 ms.
Mono: successfully reloaded assembly
- Completed reload, in  0.700 seconds
Domain Reload Profiling:
	ReloadAssembly (700ms)
		BeginReloadAssembly (85ms)
			ExecutionOrderSort (0ms)
			DisableScriptedObjects (4ms)
			BackupInstance (0ms)
			ReleaseScriptingObjects (0ms)
			CreateAndSetChildDomain (29ms)
		EndReloadAssembly (576ms)
			LoadAssemblies (68ms)
			RebuildTransferFunctionScriptingTraits (0ms)
			SetupTypeCache (193ms)
			ReleaseScriptCaches (1ms)
			RebuildScriptCaches (30ms)
			SetupLoadedEditorAssemblies (223ms)
				LogAssemblyErrors (0ms)
				InitializePlatformSupportModulesInManaged (4ms)
				SetLoadedEditorAssemblies (0ms)
				RefreshPlugins (1ms)
				BeforeProcessingInitializeOnLoad (61ms)
				ProcessInitializeOnLoadAttributes (143ms)
				ProcessInitializeOnLoadMethodAttributes (13ms)
				AfterProcessingInitializeOnLoad (1ms)
				EditorAssembliesLoaded (0ms)
			ExecutionOrderSort2 (0ms)
			AwakeInstancesAfterBackupRestoration (4ms)
Platform modules already initialized, skipping
Refreshing native plugins compatible for Editor in 0.67 ms, found 3 plugins.
Preloading 0 native plugins for Editor in 0.00 ms.
Unloading 2239 Unused Serialized files (Serialized files now loaded: 0)
System memory in use before: 109.3 MB.
System memory in use after: 108.5 MB.

Unloading 22 unused Assets to reduce memory usage. Loaded Objects now: 2698.
Total: 3.045900 ms (FindLiveObjects: 0.156300 ms CreateObjectMapping: 0.079600 ms MarkObjects: 2.532500 ms  DeleteObjects: 0.276800 ms)

AssetImportParameters requested are different than current active one (requested -> active):
  custom:framework-win-MediaFoundation: 216162199b28c13a410421893ffa2e32 -> 
  custom:video-decoder-ogg-theora: a1e56fd34408186e4bbccfd4996cb3dc -> 
  custom:container-muxer-webm: aa71ff27fc2769a1b78a27578f13a17b -> 
  custom:container-demuxer-webm: 4f35f7cbe854078d1ac9338744f61a02 -> 
  custom:container-demuxer-ogg: 62fdf1f143b41e24485cea50d1cbac27 -> 
  custom:video-encoder-webm-vp8: eb34c28f22e8b96e1ab97ce403110664 -> 
  custom:video-codec-MediaFoundation-h265: 746d11721c4dcdbdad8f713fa42b33f4 -> 
  custom:video-decoder-webm-vp8: 9c59270c3fd7afecdb556c50c9e8de78 -> 
  custom:audio-decoder-ogg-vorbis: bf7c407c2cedff20999df2af8eb42d56 -> 
  custom:audio-encoder-webm-vorbis: bf7c407c2cedff20999df2af8eb42d56 -> 
========================================================================
Received Import Request.
  Time since last request: 12.646294 seconds.
  path: Assets/Prefabs/Players/Player_1.prefab
  artifactKey: Guid(eee3bbdc3b96dc24894a38098635a002) Importer(815301076,1909f56bfc062723c751e8b465ee728b)
Start importing Assets/Prefabs/Players/Player_1.prefab using Guid(eee3bbdc3b96dc24894a38098635a002) Importer(815301076,1909f56bfc062723c751e8b465ee728b)  -> (artifact id: '597b8241c15d6414c444b84ab280b28e') in 0.049395 seconds 
========================================================================
Received Prepare
Registering precompiled user dll's ...
Registered in 0.001752 seconds.
Begin MonoManager ReloadAssembly
Native extension for WindowsStandalone target not found
Refreshing native plugins compatible for Editor in 0.60 ms, found 3 plugins.
Preloading 0 native plugins for Editor in 0.00 ms.
Mono: successfully reloaded assembly
- Completed reload, in  0.694 seconds
Domain Reload Profiling:
	ReloadAssembly (695ms)
		BeginReloadAssembly (86ms)
			ExecutionOrderSort (0ms)
			DisableScriptedObjects (4ms)
			BackupInstance (0ms)
			ReleaseScriptingObjects (0ms)
			CreateAndSetChildDomain (29ms)
		EndReloadAssembly (571ms)
			LoadAssemblies (67ms)
			RebuildTransferFunctionScriptingTraits (0ms)
			SetupTypeCache (194ms)
			ReleaseScriptCaches (1ms)
			RebuildScriptCaches (29ms)
			SetupLoadedEditorAssemblies (222ms)
				LogAssemblyErrors (0ms)
				InitializePlatformSupportModulesInManaged (3ms)
				SetLoadedEditorAssemblies (0ms)
				RefreshPlugins (1ms)
				BeforeProcessingInitializeOnLoad (60ms)
				ProcessInitializeOnLoadAttributes (144ms)
				ProcessInitializeOnLoadMethodAttributes (12ms)
				AfterProcessingInitializeOnLoad (1ms)
				EditorAssembliesLoaded (0ms)
			ExecutionOrderSort2 (0ms)
			AwakeInstancesAfterBackupRestoration (3ms)
Platform modules already initialized, skipping
Refreshing native plugins compatible for Editor in 0.65 ms, found 3 plugins.
Preloading 0 native plugins for Editor in 0.00 ms.
Unloading 2239 Unused Serialized files (Serialized files now loaded: 0)
System memory in use before: 109.3 MB.
System memory in use after: 108.6 MB.

Unloading 22 unused Assets to reduce memory usage. Loaded Objects now: 2702.
Total: 2.843300 ms (FindLiveObjects: 0.166700 ms CreateObjectMapping: 0.059300 ms MarkObjects: 2.321400 ms  DeleteObjects: 0.295100 ms)

AssetImportParameters requested are different than current active one (requested -> active):
  custom:framework-win-MediaFoundation: 216162199b28c13a410421893ffa2e32 -> 
  custom:video-decoder-ogg-theora: a1e56fd34408186e4bbccfd4996cb3dc -> 
  custom:container-muxer-webm: aa71ff27fc2769a1b78a27578f13a17b -> 
  custom:container-demuxer-webm: 4f35f7cbe854078d1ac9338744f61a02 -> 
  custom:container-demuxer-ogg: 62fdf1f143b41e24485cea50d1cbac27 -> 
  custom:video-encoder-webm-vp8: eb34c28f22e8b96e1ab97ce403110664 -> 
  custom:video-codec-MediaFoundation-h265: 746d11721c4dcdbdad8f713fa42b33f4 -> 
  custom:video-decoder-webm-vp8: 9c59270c3fd7afecdb556c50c9e8de78 -> 
  custom:audio-decoder-ogg-vorbis: bf7c407c2cedff20999df2af8eb42d56 -> 
  custom:audio-encoder-webm-vorbis: bf7c407c2cedff20999df2af8eb42d56 -> 
========================================================================
Received Import Request.
  Time since last request: 15.483356 seconds.
  path: Assets/Prefabs/Players/Player_1.prefab
  artifactKey: Guid(eee3bbdc3b96dc24894a38098635a002) Importer(815301076,1909f56bfc062723c751e8b465ee728b)
Start importing Assets/Prefabs/Players/Player_1.prefab using Guid(eee3bbdc3b96dc24894a38098635a002) Importer(815301076,1909f56bfc062723c751e8b465ee728b)  -> (artifact id: '22a5c620b52d213370f241e9403a9628') in 0.049253 seconds 
========================================================================
Received Import Request.
  Time since last request: 16.895340 seconds.
  path: Assets/AssetStore/Cartoon FX Remaster/CFXR Assets/Graphics/cfxr screen distortion perlin.mat
  artifactKey: Guid(5291c8379d0117f47bf0a76d17512364) Importer(815301076,1909f56bfc062723c751e8b465ee728b)
Start importing Assets/AssetStore/Cartoon FX Remaster/CFXR Assets/Graphics/cfxr screen distortion perlin.mat using Guid(5291c8379d0117f47bf0a76d17512364) Importer(815301076,1909f56bfc062723c751e8b465ee728b)  -> (artifact id: 'e49d694ce7b04f66cfd4e1fa8ac1651c') in 0.026406 seconds 
========================================================================
Received Import Request.
  Time since last request: 6.375433 seconds.
  path: Assets/AssetStore/Cartoon FX Remaster/CFXR Assets/Graphics/cfxr screen distortion perlin.png
  artifactKey: Guid(938e85c994e3c604d806f2597900cc97) Importer(815301076,1909f56bfc062723c751e8b465ee728b)
Start importing Assets/AssetStore/Cartoon FX Remaster/CFXR Assets/Graphics/cfxr screen distortion perlin.png using Guid(938e85c994e3c604d806f2597900cc97) Importer(815301076,1909f56bfc062723c751e8b465ee728b)  -> (artifact id: '92af0b0130b7721762aa2b1c0f1e11ce') in 0.041883 seconds 
========================================================================
Received Import Request.
  Time since last request: 6.494488 seconds.
  path: Assets/AssetStore/Cartoon FX Remaster/CFXR Assets/Graphics/cfxr stretch flamme crisp dissolve.png
  artifactKey: Guid(bad5d0fa763e08742a9f746be9781732) Importer(815301076,1909f56bfc062723c751e8b465ee728b)
Start importing Assets/AssetStore/Cartoon FX Remaster/CFXR Assets/Graphics/cfxr stretch flamme crisp dissolve.png using Guid(bad5d0fa763e08742a9f746be9781732) Importer(815301076,1909f56bfc062723c751e8b465ee728b)  -> (artifact id: '60a55bf7a85742ed3745cef78bc6b84e') in 0.010039 seconds 
========================================================================
Received Import Request.
  Time since last request: 0.000178 seconds.
  path: Assets/AssetStore/Cartoon FX Remaster/CFXR Assets/Graphics/cfxr stretch flamme crisp.png
  artifactKey: Guid(221462f4c3da8604c9dcc63641989a98) Importer(815301076,1909f56bfc062723c751e8b465ee728b)
Start importing Assets/AssetStore/Cartoon FX Remaster/CFXR Assets/Graphics/cfxr stretch flamme crisp.png using Guid(221462f4c3da8604c9dcc63641989a98) Importer(815301076,1909f56bfc062723c751e8b465ee728b)  -> (artifact id: '3f480a49fa38208bfd1f35251f067dca') in 0.012083 seconds 
========================================================================
Received Import Request.
  Time since last request: 0.000173 seconds.
  path: Assets/AssetStore/Cartoon FX Remaster/CFXR Assets/Graphics/cfxr uv distortion fire smudge.png
  artifactKey: Guid(74db0952acdd7ba488d3d0b114954504) Importer(815301076,1909f56bfc062723c751e8b465ee728b)
Start importing Assets/AssetStore/Cartoon FX Remaster/CFXR Assets/Graphics/cfxr uv distortion fire smudge.png using Guid(74db0952acdd7ba488d3d0b114954504) Importer(815301076,1909f56bfc062723c751e8b465ee728b)  -> (artifact id: 'f62ccf9312e0392037dfbe4e66465357') in 0.011580 seconds 
========================================================================
Received Import Request.
  Time since last request: 22.516818 seconds.
  path: Assets/Prefabs/Enemies/EnemyBase.prefab
  artifactKey: Guid(e708905665d5bff4d9f5bb319aeadb88) Importer(815301076,1909f56bfc062723c751e8b465ee728b)
Start importing Assets/Prefabs/Enemies/EnemyBase.prefab using Guid(e708905665d5bff4d9f5bb319aeadb88) Importer(815301076,1909f56bfc062723c751e8b465ee728b)  -> (artifact id: '49a0368c20fce1c882cbdf29aece237b') in 0.022324 seconds 
========================================================================
Received Import Request.
  Time since last request: 13.244219 seconds.
  path: Assets/Prefabs/Enemies/EnemyBase.prefab
  artifactKey: Guid(e708905665d5bff4d9f5bb319aeadb88) Importer(815301076,1909f56bfc062723c751e8b465ee728b)
Start importing Assets/Prefabs/Enemies/EnemyBase.prefab using Guid(e708905665d5bff4d9f5bb319aeadb88) Importer(815301076,1909f56bfc062723c751e8b465ee728b)  -> (artifact id: '4ba1004acf387ccf8b63804d23959557') in 0.013278 seconds 
========================================================================
Received Import Request.
  Time since last request: 6.836816 seconds.
  path: Assets/Prefabs/Enemies/EnemyBase.prefab
  artifactKey: Guid(e708905665d5bff4d9f5bb319aeadb88) Importer(815301076,1909f56bfc062723c751e8b465ee728b)
Start importing Assets/Prefabs/Enemies/EnemyBase.prefab using Guid(e708905665d5bff4d9f5bb319aeadb88) Importer(815301076,1909f56bfc062723c751e8b465ee728b)  -> (artifact id: 'b11482e0574c0edf4fe2d8d4cf94fd27') in 0.013172 seconds 
========================================================================
Received Import Request.
  Time since last request: 2.617193 seconds.
  path: Assets/Prefabs/Enemies/EnemyBase.prefab
  artifactKey: Guid(e708905665d5bff4d9f5bb319aeadb88) Importer(815301076,1909f56bfc062723c751e8b465ee728b)
Start importing Assets/Prefabs/Enemies/EnemyBase.prefab using Guid(e708905665d5bff4d9f5bb319aeadb88) Importer(815301076,1909f56bfc062723c751e8b465ee728b)  -> (artifact id: '0a677aba24e4bbe9bbff9ae3e144eaa2') in 0.016634 seconds 
========================================================================
Received Import Request.
  Time since last request: 3.610639 seconds.
  path: Assets/Prefabs/Enemies/EnemyBase.prefab
  artifactKey: Guid(e708905665d5bff4d9f5bb319aeadb88) Importer(815301076,1909f56bfc062723c751e8b465ee728b)
Start importing Assets/Prefabs/Enemies/EnemyBase.prefab using Guid(e708905665d5bff4d9f5bb319aeadb88) Importer(815301076,1909f56bfc062723c751e8b465ee728b)  -> (artifact id: '7c5996634a24b9e457b5030588592379') in 0.027190 seconds 
========================================================================
Received Import Request.
  Time since last request: 13.079426 seconds.
  path: Assets/Prefabs/Enemies/EnemyBase.prefab
  artifactKey: Guid(e708905665d5bff4d9f5bb319aeadb88) Importer(815301076,1909f56bfc062723c751e8b465ee728b)
Start importing Assets/Prefabs/Enemies/EnemyBase.prefab using Guid(e708905665d5bff4d9f5bb319aeadb88) Importer(815301076,1909f56bfc062723c751e8b465ee728b)  -> (artifact id: '29d38eea0301e95255da531fcc02ef41') in 0.014113 seconds 
========================================================================
Received Import Request.
  Time since last request: 54.426479 seconds.
  path: Assets/Prefabs/Enemies/EnemyBase.prefab
  artifactKey: Guid(e708905665d5bff4d9f5bb319aeadb88) Importer(815301076,1909f56bfc062723c751e8b465ee728b)
Start importing Assets/Prefabs/Enemies/EnemyBase.prefab using Guid(e708905665d5bff4d9f5bb319aeadb88) Importer(815301076,1909f56bfc062723c751e8b465ee728b)  -> (artifact id: 'ed1a406a3d43bc9d4b7c0e4d7fc74637') in 0.018249 seconds 
========================================================================
Received Import Request.
  Time since last request: 36.888846 seconds.
  path: Assets/Prefabs/Enemies/EnemyBase.prefab
  artifactKey: Guid(e708905665d5bff4d9f5bb319aeadb88) Importer(815301076,1909f56bfc062723c751e8b465ee728b)
Start importing Assets/Prefabs/Enemies/EnemyBase.prefab using Guid(e708905665d5bff4d9f5bb319aeadb88) Importer(815301076,1909f56bfc062723c751e8b465ee728b)  -> (artifact id: 'ff84bafc957d710a5d6296681a15af7a') in 0.017516 seconds 
========================================================================
Received Import Request.
  Time since last request: 1.790945 seconds.
  path: Assets/Prefabs/Enemies/EnemyBase.prefab
  artifactKey: Guid(e708905665d5bff4d9f5bb319aeadb88) Importer(815301076,1909f56bfc062723c751e8b465ee728b)
Start importing Assets/Prefabs/Enemies/EnemyBase.prefab using Guid(e708905665d5bff4d9f5bb319aeadb88) Importer(815301076,1909f56bfc062723c751e8b465ee728b)  -> (artifact id: '80e8e7c321a8b600f4d231fc3c748bb7') in 0.019337 seconds 
========================================================================
Received Import Request.
  Time since last request: 3.830845 seconds.
  path: Assets/Prefabs/Enemies/EnemyBase.prefab
  artifactKey: Guid(e708905665d5bff4d9f5bb319aeadb88) Importer(815301076,1909f56bfc062723c751e8b465ee728b)
Start importing Assets/Prefabs/Enemies/EnemyBase.prefab using Guid(e708905665d5bff4d9f5bb319aeadb88) Importer(815301076,1909f56bfc062723c751e8b465ee728b)  -> (artifact id: '86ace2829435d5da1c0ea3054c02f8dd') in 0.014246 seconds 
========================================================================
Received Import Request.
  Time since last request: 9.073699 seconds.
  path: Assets/Prefabs/Enemies/EnemyBase.prefab
  artifactKey: Guid(e708905665d5bff4d9f5bb319aeadb88) Importer(815301076,1909f56bfc062723c751e8b465ee728b)
Start importing Assets/Prefabs/Enemies/EnemyBase.prefab using Guid(e708905665d5bff4d9f5bb319aeadb88) Importer(815301076,1909f56bfc062723c751e8b465ee728b)  -> (artifact id: '5b55550fe3e513949e621b8d9c945777') in 0.015005 seconds 
========================================================================
Received Import Request.
  Time since last request: 31.456245 seconds.
  path: Assets/Prefabs/Enemies/EnemyBase.prefab
  artifactKey: Guid(e708905665d5bff4d9f5bb319aeadb88) Importer(815301076,1909f56bfc062723c751e8b465ee728b)
Start importing Assets/Prefabs/Enemies/EnemyBase.prefab using Guid(e708905665d5bff4d9f5bb319aeadb88) Importer(815301076,1909f56bfc062723c751e8b465ee728b)  -> (artifact id: 'd31c6a232166c59eeae9ee6c8079d985') in 0.022213 seconds 
========================================================================
Received Import Request.
  Time since last request: 13.689138 seconds.
  path: Assets/Prefabs/Enemies/EnemyBase.prefab
  artifactKey: Guid(e708905665d5bff4d9f5bb319aeadb88) Importer(815301076,1909f56bfc062723c751e8b465ee728b)
Start importing Assets/Prefabs/Enemies/EnemyBase.prefab using Guid(e708905665d5bff4d9f5bb319aeadb88) Importer(815301076,1909f56bfc062723c751e8b465ee728b)  -> (artifact id: 'ab9a6b14510b08ed33c73b82c21c12a5') in 0.016356 seconds 
========================================================================
Received Import Request.
  Time since last request: 10.662841 seconds.
  path: Assets/Prefabs/Enemies/EnemyBase.prefab
  artifactKey: Guid(e708905665d5bff4d9f5bb319aeadb88) Importer(815301076,1909f56bfc062723c751e8b465ee728b)
Start importing Assets/Prefabs/Enemies/EnemyBase.prefab using Guid(e708905665d5bff4d9f5bb319aeadb88) Importer(815301076,1909f56bfc062723c751e8b465ee728b)  -> (artifact id: 'f41d3df4388e90d0f08706fbd2c307cc') in 0.018318 seconds 
========================================================================
Received Import Request.
  Time since last request: 8.851914 seconds.
  path: Assets/Prefabs/Enemies/EnemyBase.prefab
  artifactKey: Guid(e708905665d5bff4d9f5bb319aeadb88) Importer(815301076,1909f56bfc062723c751e8b465ee728b)
Start importing Assets/Prefabs/Enemies/EnemyBase.prefab using Guid(e708905665d5bff4d9f5bb319aeadb88) Importer(815301076,1909f56bfc062723c751e8b465ee728b)  -> (artifact id: '3de77baa1bc947094482b77ba005d296') in 0.019822 seconds 
========================================================================
Received Import Request.
  Time since last request: 10.903876 seconds.
  path: Assets/Prefabs/Enemies/EnemyBase.prefab
  artifactKey: Guid(e708905665d5bff4d9f5bb319aeadb88) Importer(815301076,1909f56bfc062723c751e8b465ee728b)
Start importing Assets/Prefabs/Enemies/EnemyBase.prefab using Guid(e708905665d5bff4d9f5bb319aeadb88) Importer(815301076,1909f56bfc062723c751e8b465ee728b)  -> (artifact id: '40ce564e185d54f88a907a2bf3be1839') in 0.014171 seconds 
========================================================================
Received Import Request.
  Time since last request: 6.624175 seconds.
  path: Assets/Prefabs/Enemies/EnemyBase.prefab
  artifactKey: Guid(e708905665d5bff4d9f5bb319aeadb88) Importer(815301076,1909f56bfc062723c751e8b465ee728b)
Start importing Assets/Prefabs/Enemies/EnemyBase.prefab using Guid(e708905665d5bff4d9f5bb319aeadb88) Importer(815301076,1909f56bfc062723c751e8b465ee728b)  -> (artifact id: '64ab31f1bd2b23cc986bb0b0f1f85c78') in 0.018774 seconds 
========================================================================
Received Import Request.
  Time since last request: 4.241447 seconds.
  path: Assets/Prefabs/Enemies/EnemyBase.prefab
  artifactKey: Guid(e708905665d5bff4d9f5bb319aeadb88) Importer(815301076,1909f56bfc062723c751e8b465ee728b)
Start importing Assets/Prefabs/Enemies/EnemyBase.prefab using Guid(e708905665d5bff4d9f5bb319aeadb88) Importer(815301076,1909f56bfc062723c751e8b465ee728b)  -> (artifact id: 'f7e71ceba7ea99be4e45c3ff5d4c2296') in 0.015495 seconds 
========================================================================
Received Import Request.
  Time since last request: 6.005891 seconds.
  path: Assets/Prefabs/Enemies/EnemyBase.prefab
  artifactKey: Guid(e708905665d5bff4d9f5bb319aeadb88) Importer(815301076,1909f56bfc062723c751e8b465ee728b)
Start importing Assets/Prefabs/Enemies/EnemyBase.prefab using Guid(e708905665d5bff4d9f5bb319aeadb88) Importer(815301076,1909f56bfc062723c751e8b465ee728b)  -> (artifact id: '2fbef84608a9858ee3a287e45d8488f1') in 0.022606 seconds 
========================================================================
Received Import Request.
  Time since last request: 15.892987 seconds.
  path: Assets/Prefabs/Enemies/EnemyBase.prefab
  artifactKey: Guid(e708905665d5bff4d9f5bb319aeadb88) Importer(815301076,1909f56bfc062723c751e8b465ee728b)
Start importing Assets/Prefabs/Enemies/EnemyBase.prefab using Guid(e708905665d5bff4d9f5bb319aeadb88) Importer(815301076,1909f56bfc062723c751e8b465ee728b)  -> (artifact id: '900750adc5ddbae1603e7b1f4df28833') in 0.024105 seconds 
========================================================================
Received Import Request.
  Time since last request: 65.902153 seconds.
  path: Assets/Prefabs/Enemies/EnemyVariants/Enemy Bomber.prefab
  artifactKey: Guid(ffe46bd74998fcc449a4dedea8a277a8) Importer(815301076,1909f56bfc062723c751e8b465ee728b)
Start importing Assets/Prefabs/Enemies/EnemyVariants/Enemy Bomber.prefab using Guid(ffe46bd74998fcc449a4dedea8a277a8) Importer(815301076,1909f56bfc062723c751e8b465ee728b)  -> (artifact id: '293e398c6560f95cd58c867d7deae436') in 0.020019 seconds 
========================================================================
Received Import Request.
  Time since last request: 0.000173 seconds.
  path: Assets/Prefabs/Enemies/EnemyVariants/Enemy Heavy.prefab
  artifactKey: Guid(e17fb4f41067a9e428c8d42363eac76e) Importer(815301076,1909f56bfc062723c751e8b465ee728b)
Start importing Assets/Prefabs/Enemies/EnemyVariants/Enemy Heavy.prefab using Guid(e17fb4f41067a9e428c8d42363eac76e) Importer(815301076,1909f56bfc062723c751e8b465ee728b)  -> (artifact id: '856524d7eb78c10e141890cc9cb50d6f') in 0.020653 seconds 
========================================================================
Received Import Request.
  Time since last request: 0.000183 seconds.
  path: Assets/Prefabs/Enemies/EnemyVariants/Enemy Scaut.prefab
  artifactKey: Guid(af462ba209fe8e84998433164ff54842) Importer(815301076,1909f56bfc062723c751e8b465ee728b)
Start importing Assets/Prefabs/Enemies/EnemyVariants/Enemy Scaut.prefab using Guid(af462ba209fe8e84998433164ff54842) Importer(815301076,1909f56bfc062723c751e8b465ee728b)  -> (artifact id: '8053ef8914003561492ee461c01c8596') in 0.023760 seconds 
========================================================================
Received Prepare
Registering precompiled user dll's ...
Registered in 0.001892 seconds.
Begin MonoManager ReloadAssembly
Native extension for WindowsStandalone target not found
Refreshing native plugins compatible for Editor in 0.60 ms, found 3 plugins.
Preloading 0 native plugins for Editor in 0.00 ms.
Mono: successfully reloaded assembly
- Completed reload, in  0.683 seconds
Domain Reload Profiling:
	ReloadAssembly (683ms)
		BeginReloadAssembly (85ms)
			ExecutionOrderSort (0ms)
			DisableScriptedObjects (4ms)
			BackupInstance (0ms)
			ReleaseScriptingObjects (0ms)
			CreateAndSetChildDomain (30ms)
		EndReloadAssembly (559ms)
			LoadAssemblies (67ms)
			RebuildTransferFunctionScriptingTraits (0ms)
			SetupTypeCache (187ms)
			ReleaseScriptCaches (1ms)
			RebuildScriptCaches (29ms)
			SetupLoadedEditorAssemblies (218ms)
				LogAssemblyErrors (0ms)
				InitializePlatformSupportModulesInManaged (4ms)
				SetLoadedEditorAssemblies (0ms)
				RefreshPlugins (1ms)
				BeforeProcessingInitializeOnLoad (58ms)
				ProcessInitializeOnLoadAttributes (141ms)
				ProcessInitializeOnLoadMethodAttributes (12ms)
				AfterProcessingInitializeOnLoad (1ms)
				EditorAssembliesLoaded (0ms)
			ExecutionOrderSort2 (0ms)
			AwakeInstancesAfterBackupRestoration (4ms)
Platform modules already initialized, skipping
Refreshing native plugins compatible for Editor in 0.61 ms, found 3 plugins.
Preloading 0 native plugins for Editor in 0.00 ms.
Unloading 2239 Unused Serialized files (Serialized files now loaded: 0)
System memory in use before: 109.8 MB.
System memory in use after: 109.2 MB.

Unloading 22 unused Assets to reduce memory usage. Loaded Objects now: 2743.
Total: 2.856800 ms (FindLiveObjects: 0.184400 ms CreateObjectMapping: 0.066900 ms MarkObjects: 2.309000 ms  DeleteObjects: 0.295700 ms)

AssetImportParameters requested are different than current active one (requested -> active):
  custom:framework-win-MediaFoundation: 216162199b28c13a410421893ffa2e32 -> 
  custom:video-decoder-ogg-theora: a1e56fd34408186e4bbccfd4996cb3dc -> 
  custom:container-muxer-webm: aa71ff27fc2769a1b78a27578f13a17b -> 
  custom:container-demuxer-webm: 4f35f7cbe854078d1ac9338744f61a02 -> 
  custom:container-demuxer-ogg: 62fdf1f143b41e24485cea50d1cbac27 -> 
  custom:video-encoder-webm-vp8: eb34c28f22e8b96e1ab97ce403110664 -> 
  custom:video-codec-MediaFoundation-h265: 746d11721c4dcdbdad8f713fa42b33f4 -> 
  custom:video-decoder-webm-vp8: 9c59270c3fd7afecdb556c50c9e8de78 -> 
  custom:audio-decoder-ogg-vorbis: bf7c407c2cedff20999df2af8eb42d56 -> 
  custom:audio-encoder-webm-vorbis: bf7c407c2cedff20999df2af8eb42d56 -> 
========================================================================
Received Import Request.
  Time since last request: 30.930458 seconds.
  path: Assets/Prefabs/Enemies/EnemyVariants/Enemy Bomber.prefab
  artifactKey: Guid(ffe46bd74998fcc449a4dedea8a277a8) Importer(815301076,1909f56bfc062723c751e8b465ee728b)
Start importing Assets/Prefabs/Enemies/EnemyVariants/Enemy Bomber.prefab using Guid(ffe46bd74998fcc449a4dedea8a277a8) Importer(815301076,1909f56bfc062723c751e8b465ee728b)  -> (artifact id: 'e7c9befa93305431b0972affb6d30a87') in 0.054611 seconds 
========================================================================
Received Import Request.
  Time since last request: 12.336090 seconds.
  path: Assets/Prefabs/Enemies/EnemyVariants/Enemy Bomber.prefab
  artifactKey: Guid(ffe46bd74998fcc449a4dedea8a277a8) Importer(815301076,1909f56bfc062723c751e8b465ee728b)
Start importing Assets/Prefabs/Enemies/EnemyVariants/Enemy Bomber.prefab using Guid(ffe46bd74998fcc449a4dedea8a277a8) Importer(815301076,1909f56bfc062723c751e8b465ee728b)  -> (artifact id: 'dbdffed656459e9c1c14a6225c89c807') in 0.015912 seconds 
========================================================================
Received Import Request.
  Time since last request: 26.235072 seconds.
  path: Assets/Prefabs/Enemies/EnemyVariants/Enemy Bomber.prefab
  artifactKey: Guid(ffe46bd74998fcc449a4dedea8a277a8) Importer(815301076,1909f56bfc062723c751e8b465ee728b)
Start importing Assets/Prefabs/Enemies/EnemyVariants/Enemy Bomber.prefab using Guid(ffe46bd74998fcc449a4dedea8a277a8) Importer(815301076,1909f56bfc062723c751e8b465ee728b)  -> (artifact id: 'cb0e021189daec511bc37c1ee0014e4f') in 0.016154 seconds 
========================================================================
Received Import Request.
  Time since last request: 30.682403 seconds.
  path: Assets/Prefabs/Enemies/EnemyVariants/Enemy Heavy.prefab
  artifactKey: Guid(e17fb4f41067a9e428c8d42363eac76e) Importer(815301076,1909f56bfc062723c751e8b465ee728b)
Start importing Assets/Prefabs/Enemies/EnemyVariants/Enemy Heavy.prefab using Guid(e17fb4f41067a9e428c8d42363eac76e) Importer(815301076,1909f56bfc062723c751e8b465ee728b)  -> (artifact id: 'ee0148bb70c7bc62a5e79dbd1696bd49') in 0.017004 seconds 
========================================================================
Received Prepare
Registering precompiled user dll's ...
Registered in 0.001888 seconds.
Begin MonoManager ReloadAssembly
Native extension for WindowsStandalone target not found
Refreshing native plugins compatible for Editor in 0.59 ms, found 3 plugins.
Preloading 0 native plugins for Editor in 0.00 ms.
Mono: successfully reloaded assembly
- Completed reload, in  0.677 seconds
Domain Reload Profiling:
	ReloadAssembly (677ms)
		BeginReloadAssembly (84ms)
			ExecutionOrderSort (0ms)
			DisableScriptedObjects (4ms)
			BackupInstance (0ms)
			ReleaseScriptingObjects (0ms)
			CreateAndSetChildDomain (27ms)
		EndReloadAssembly (556ms)
			LoadAssemblies (66ms)
			RebuildTransferFunctionScriptingTraits (0ms)
			SetupTypeCache (189ms)
			ReleaseScriptCaches (1ms)
			RebuildScriptCaches (28ms)
			SetupLoadedEditorAssemblies (216ms)
				LogAssemblyErrors (0ms)
				InitializePlatformSupportModulesInManaged (3ms)
				SetLoadedEditorAssemblies (0ms)
				RefreshPlugins (1ms)
				BeforeProcessingInitializeOnLoad (56ms)
				ProcessInitializeOnLoadAttributes (142ms)
				ProcessInitializeOnLoadMethodAttributes (13ms)
				AfterProcessingInitializeOnLoad (1ms)
				EditorAssembliesLoaded (0ms)
			ExecutionOrderSort2 (0ms)
			AwakeInstancesAfterBackupRestoration (4ms)
Platform modules already initialized, skipping
Refreshing native plugins compatible for Editor in 0.63 ms, found 3 plugins.
Preloading 0 native plugins for Editor in 0.00 ms.
Unloading 2239 Unused Serialized files (Serialized files now loaded: 0)
System memory in use before: 109.9 MB.
System memory in use after: 109.3 MB.

Unloading 22 unused Assets to reduce memory usage. Loaded Objects now: 2747.
Total: 2.977600 ms (FindLiveObjects: 0.191500 ms CreateObjectMapping: 0.062700 ms MarkObjects: 2.413800 ms  DeleteObjects: 0.308600 ms)

AssetImportParameters requested are different than current active one (requested -> active):
  custom:framework-win-MediaFoundation: 216162199b28c13a410421893ffa2e32 -> 
  custom:video-decoder-ogg-theora: a1e56fd34408186e4bbccfd4996cb3dc -> 
  custom:container-muxer-webm: aa71ff27fc2769a1b78a27578f13a17b -> 
  custom:container-demuxer-webm: 4f35f7cbe854078d1ac9338744f61a02 -> 
  custom:container-demuxer-ogg: 62fdf1f143b41e24485cea50d1cbac27 -> 
  custom:video-encoder-webm-vp8: eb34c28f22e8b96e1ab97ce403110664 -> 
  custom:video-codec-MediaFoundation-h265: 746d11721c4dcdbdad8f713fa42b33f4 -> 
  custom:video-decoder-webm-vp8: 9c59270c3fd7afecdb556c50c9e8de78 -> 
  custom:audio-decoder-ogg-vorbis: bf7c407c2cedff20999df2af8eb42d56 -> 
  custom:audio-encoder-webm-vorbis: bf7c407c2cedff20999df2af8eb42d56 -> 
========================================================================
Received Import Request.
  Time since last request: 72.958834 seconds.
  path: Assets/Prefabs/Enemies/EnemyVariants/Enemy Bomber.prefab
  artifactKey: Guid(ffe46bd74998fcc449a4dedea8a277a8) Importer(815301076,1909f56bfc062723c751e8b465ee728b)
Start importing Assets/Prefabs/Enemies/EnemyVariants/Enemy Bomber.prefab using Guid(ffe46bd74998fcc449a4dedea8a277a8) Importer(815301076,1909f56bfc062723c751e8b465ee728b)  -> (artifact id: '57f26f128ff6f85043d0248c83d5ff06') in 0.060722 seconds 
========================================================================
Received Prepare
Refreshing native plugins compatible for Editor in 2.65 ms, found 3 plugins.
Preloading 0 native plugins for Editor in 0.00 ms.
Unloading 20 Unused Serialized files (Serialized files now loaded: 0)
System memory in use before: 66.3 MB.
System memory in use after: 65.6 MB.

Unloading 20 unused Assets to reduce memory usage. Loaded Objects now: 2748.
Total: 4.035000 ms (FindLiveObjects: 0.179600 ms CreateObjectMapping: 0.089800 ms MarkObjects: 3.365000 ms  DeleteObjects: 0.399700 ms)

AssetImportParameters requested are different than current active one (requested -> active):
  custom:framework-win-MediaFoundation: 216162199b28c13a410421893ffa2e32 -> 
  custom:video-decoder-ogg-theora: a1e56fd34408186e4bbccfd4996cb3dc -> 
  custom:container-muxer-webm: aa71ff27fc2769a1b78a27578f13a17b -> 
  custom:container-demuxer-webm: 4f35f7cbe854078d1ac9338744f61a02 -> 
  custom:container-demuxer-ogg: 62fdf1f143b41e24485cea50d1cbac27 -> 
  custom:video-encoder-webm-vp8: eb34c28f22e8b96e1ab97ce403110664 -> 
  custom:video-codec-MediaFoundation-h265: 746d11721c4dcdbdad8f713fa42b33f4 -> 
  custom:video-decoder-webm-vp8: 9c59270c3fd7afecdb556c50c9e8de78 -> 
  custom:audio-decoder-ogg-vorbis: bf7c407c2cedff20999df2af8eb42d56 -> 
  custom:audio-encoder-webm-vorbis: bf7c407c2cedff20999df2af8eb42d56 -> 
AssetImportWorkerClient::OnTransportError - code=2 error=End of file
